<?xml version="1.0" encoding="UTF-8"?>
<testng-results skipped="0" failed="0" ignored="0" total="1" passed="1">
  <reporter-output>
  </reporter-output>
  <suite name="Default suite" duration-ms="3562" started-at="2020-02-20T06:28:38Z" finished-at="2020-02-20T06:28:41Z">
    <groups>
    </groups>
    <test name="Default test" duration-ms="3562" started-at="2020-02-20T06:28:38Z" finished-at="2020-02-20T06:28:41Z">
      <class name="testexample.headlessbrowser">
        <test-method status="PASS" signature="login()[pri:0, instance:testexample.headlessbrowser@16f7c8c1]" name="login" duration-ms="3487" started-at="2020-02-20T06:28:38Z" finished-at="2020-02-20T06:28:41Z">
          <reporter-output>
          </reporter-output>
        </test-method> <!-- login -->
      </class> <!-- testexample.headlessbrowser -->
    </test> <!-- Default test -->
  </suite> <!-- Default suite -->
</testng-results>
