<?xml version="1.0" encoding="UTF-8"?>
<!-- Generated by org.testng.reporters.JUnitXMLReporter -->
<testsuite hostname="BLT1207" ignored="2" name="Test" tests="1" failures="0" timestamp="17 Feb 2020 11:08:02 GMT" time="0.077" errors="0">
  <testcase name="testcase1" time="0.025" classname="testexample.dependsonmethod"/>
  <testcase name="testcase3" time="0.0" classname="testexample.dependsonmethod">
    <ignored/>
  </testcase> <!-- testcase3 -->
  <testcase name="testcase2" time="0.0" classname="testexample.dependsonmethod">
    <ignored/>
  </testcase> <!-- testcase2 -->
</testsuite> <!-- Test -->
