<?xml version="1.0" encoding="UTF-8"?>
<testng-results skipped="0" failed="0" ignored="0" total="1" passed="1">
  <reporter-output>
  </reporter-output>
  <suite name="Default suite" duration-ms="53395" started-at="2020-02-19T09:45:06Z" finished-at="2020-02-19T09:45:59Z">
    <groups>
    </groups>
    <test name="Default test" duration-ms="53395" started-at="2020-02-19T09:45:06Z" finished-at="2020-02-19T09:45:59Z">
      <class name="testcase.loginpages">
        <test-method status="PASS" signature="startup()[pri:0, instance:testcase.loginpages@5a4041cc]" name="startup" is-config="true" duration-ms="45885" started-at="2020-02-19T09:45:06Z" finished-at="2020-02-19T09:45:52Z">
          <reporter-output>
          </reporter-output>
        </test-method> <!-- startup -->
        <test-method status="PASS" signature="login()[pri:0, instance:testcase.loginpages@5a4041cc]" name="login" duration-ms="6539" started-at="2020-02-19T09:45:52Z" finished-at="2020-02-19T09:45:59Z">
          <reporter-output>
          </reporter-output>
        </test-method> <!-- login -->
        <test-method status="PASS" signature="close()[pri:0, instance:testcase.loginpages@5a4041cc]" name="close" is-config="true" duration-ms="902" started-at="2020-02-19T09:45:59Z" finished-at="2020-02-19T09:45:59Z">
          <reporter-output>
          </reporter-output>
        </test-method> <!-- close -->
      </class> <!-- testcase.loginpages -->
    </test> <!-- Default test -->
  </suite> <!-- Default suite -->
</testng-results>
